<?xml version="1.0" encoding="UTF-8"?>
<!-- Generated by org.testng.reporters.JUnitReportReporter -->
<testsuite hostname="LAPTOP-8HHI6N5M" failures="0" tests="4" name="Assignment3.AssignmentTC" time="1.345" errors="0" timestamp="17 May 2022 11:39:17 GMT" skipped="0">
  <testcase classname="Assignment3.AssignmentTC" name="postMethod" time="0.057"/>
  <testcase classname="Assignment3.AssignmentTC" name="getMethod" time="0.046"/>
  <testcase classname="Assignment3.AssignmentTC" name="deleteMethod" time="1.201"/>
  <testcase classname="Assignment3.AssignmentTC" name="putMethod" time="0.041"/>
</testsuite> <!-- Assignment3.AssignmentTC -->
